{"E:\\PARESH\\RELEVEL\\FSD (PART-2) FROM 12.10.22\\RELEVEL Backend\\unit_test_2\\app.js": {"path":"E:\\PARESH\\RELEVEL\\FSD (PART-2) FROM 12.10.22\\RELEVEL Backend\\unit_test_2\\app.js","statementMap":{"0":{"start":{"line":1,"column":16},"end":{"line":1,"column":34}},"1":{"start":{"line":2,"column":17},"end":{"line":2,"column":39}},"2":{"start":{"line":3,"column":15},"end":{"line":3,"column":40}},"3":{"start":{"line":4,"column":21},"end":{"line":4,"column":58}},"4":{"start":{"line":5,"column":11},"end":{"line":5,"column":36}},"5":{"start":{"line":6,"column":21},"end":{"line":6,"column":34}},"6":{"start":{"line":7,"column":19},"end":{"line":7,"column":28}},"7":{"start":{"line":8,"column":0},"end":{"line":8,"column":34}},"8":{"start":{"line":9,"column":0},"end":{"line":9,"column":23}},"9":{"start":{"line":10,"column":0},"end":{"line":10,"column":29}},"10":{"start":{"line":12,"column":0},"end":{"line":12,"column":32}},"11":{"start":{"line":14,"column":0},"end":{"line":16,"column":3}},"12":{"start":{"line":15,"column":2},"end":{"line":15,"column":9}},"13":{"start":{"line":18,"column":11},"end":{"line":21,"column":1}},"14":{"start":{"line":19,"column":2},"end":{"line":19,"column":27}},"15":{"start":{"line":20,"column":2},"end":{"line":20,"column":22}},"16":{"start":{"line":23,"column":23},"end":{"line":30,"column":1}},"17":{"start":{"line":24,"column":2},"end":{"line":29,"column":5}},"18":{"start":{"line":32,"column":18},"end":{"line":38,"column":1}},"19":{"start":{"line":33,"column":2},"end":{"line":36,"column":5}},"20":{"start":{"line":37,"column":2},"end":{"line":37,"column":29}},"21":{"start":{"line":40,"column":0},"end":{"line":40,"column":28}}},"fnMap":{"0":{"name":"(anonymous_0)","decl":{"start":{"line":14,"column":40},"end":{"line":14,"column":41}},"loc":{"start":{"line":14,"column":46},"end":{"line":16,"column":1}},"line":14},"1":{"name":"(anonymous_1)","decl":{"start":{"line":18,"column":11},"end":{"line":18,"column":12}},"loc":{"start":{"line":18,"column":23},"end":{"line":21,"column":1}},"line":18},"2":{"name":"(anonymous_2)","decl":{"start":{"line":23,"column":23},"end":{"line":23,"column":24}},"loc":{"start":{"line":23,"column":35},"end":{"line":30,"column":1}},"line":23},"3":{"name":"(anonymous_3)","decl":{"start":{"line":32,"column":18},"end":{"line":32,"column":19}},"loc":{"start":{"line":32,"column":30},"end":{"line":38,"column":1}},"line":32}},"branchMap":{},"s":{"0":1,"1":1,"2":1,"3":1,"4":1,"5":1,"6":1,"7":1,"8":1,"9":1,"10":1,"11":1,"12":0,"13":1,"14":0,"15":0,"16":1,"17":0,"18":1,"19":0,"20":0,"21":1},"f":{"0":0,"1":0,"2":0,"3":0},"b":{},"_coverageSchema":"1a1c01bbd47fc00a2c39e90264f33305004495a9","hash":"e7aa1782af421ac45673ea29637c45343180199a"}
,"E:\\PARESH\\RELEVEL\\FSD (PART-2) FROM 12.10.22\\RELEVEL Backend\\unit_test_2\\config\\auth.config.js": {"path":"E:\\PARESH\\RELEVEL\\FSD (PART-2) FROM 12.10.22\\RELEVEL Backend\\unit_test_2\\config\\auth.config.js","statementMap":{"0":{"start":{"line":1,"column":16},"end":{"line":3,"column":1}},"1":{"start":{"line":5,"column":0},"end":{"line":5,"column":27}}},"fnMap":{},"branchMap":{},"s":{"0":1,"1":1},"f":{},"b":{},"_coverageSchema":"1a1c01bbd47fc00a2c39e90264f33305004495a9","hash":"5d45abc228e86d82d47256098790c2e9ca14e06d"}
,"E:\\PARESH\\RELEVEL\\FSD (PART-2) FROM 12.10.22\\RELEVEL Backend\\unit_test_2\\config\\db.config.js": {"path":"E:\\PARESH\\RELEVEL\\FSD (PART-2) FROM 12.10.22\\RELEVEL Backend\\unit_test_2\\config\\db.config.js","statementMap":{"0":{"start":{"line":1,"column":28},"end":{"line":13,"column":1}},"1":{"start":{"line":15,"column":21},"end":{"line":27,"column":1}},"2":{"start":{"line":29,"column":0},"end":{"line":32,"column":2}}},"fnMap":{},"branchMap":{},"s":{"0":3,"1":3,"2":3},"f":{},"b":{},"_coverageSchema":"1a1c01bbd47fc00a2c39e90264f33305004495a9","hash":"99ba0aab1ca7faca97713aed2200367d26a92331"}
,"E:\\PARESH\\RELEVEL\\FSD (PART-2) FROM 12.10.22\\RELEVEL Backend\\unit_test_2\\controller\\auth.controller.js": {"path":"E:\\PARESH\\RELEVEL\\FSD (PART-2) FROM 12.10.22\\RELEVEL Backend\\unit_test_2\\controller\\auth.controller.js","statementMap":{"0":{"start":{"line":1,"column":15},"end":{"line":1,"column":49}},"1":{"start":{"line":2,"column":12},"end":{"line":2,"column":35}},"2":{"start":{"line":3,"column":15},"end":{"line":3,"column":34}},"3":{"start":{"line":4,"column":11},"end":{"line":4,"column":39}},"4":{"start":{"line":6,"column":13},"end":{"line":32,"column":1}},"5":{"start":{"line":7,"column":13},"end":{"line":11,"column":4}},"6":{"start":{"line":13,"column":2},"end":{"line":31,"column":3}},"7":{"start":{"line":14,"column":16},"end":{"line":20,"column":6}},"8":{"start":{"line":22,"column":4},"end":{"line":22,"column":31}},"9":{"start":{"line":23,"column":4},"end":{"line":25,"column":7}},"10":{"start":{"line":27,"column":4},"end":{"line":27,"column":29}},"11":{"start":{"line":28,"column":4},"end":{"line":30,"column":7}},"12":{"start":{"line":34,"column":13},"end":{"line":78,"column":1}},"13":{"start":{"line":35,"column":17},"end":{"line":35,"column":34}},"14":{"start":{"line":36,"column":17},"end":{"line":40,"column":4}},"15":{"start":{"line":42,"column":2},"end":{"line":47,"column":3}},"16":{"start":{"line":43,"column":4},"end":{"line":45,"column":7}},"17":{"start":{"line":46,"column":4},"end":{"line":46,"column":11}},"18":{"start":{"line":49,"column":24},"end":{"line":52,"column":3}},"19":{"start":{"line":54,"column":2},"end":{"line":59,"column":3}},"20":{"start":{"line":55,"column":4},"end":{"line":57,"column":7}},"21":{"start":{"line":58,"column":4},"end":{"line":58,"column":11}},"22":{"start":{"line":61,"column":14},"end":{"line":63,"column":4}},"23":{"start":{"line":65,"column":20},"end":{"line":65,"column":22}},"24":{"start":{"line":66,"column":14},"end":{"line":66,"column":39}},"25":{"start":{"line":67,"column":2},"end":{"line":69,"column":3}},"26":{"start":{"line":67,"column":15},"end":{"line":67,"column":16}},"27":{"start":{"line":68,"column":4},"end":{"line":68,"column":60}},"28":{"start":{"line":71,"column":2},"end":{"line":77,"column":5}},"29":{"start":{"line":80,"column":0},"end":{"line":80,"column":36}}},"fnMap":{"0":{"name":"(anonymous_0)","decl":{"start":{"line":6,"column":13},"end":{"line":6,"column":14}},"loc":{"start":{"line":6,"column":33},"end":{"line":32,"column":1}},"line":6},"1":{"name":"(anonymous_1)","decl":{"start":{"line":34,"column":13},"end":{"line":34,"column":14}},"loc":{"start":{"line":34,"column":33},"end":{"line":78,"column":1}},"line":34}},"branchMap":{"0":{"loc":{"start":{"line":13,"column":2},"end":{"line":31,"column":3}},"type":"if","locations":[{"start":{"line":13,"column":2},"end":{"line":31,"column":3}},{"start":{"line":26,"column":9},"end":{"line":31,"column":3}}],"line":13},"1":{"loc":{"start":{"line":42,"column":2},"end":{"line":47,"column":3}},"type":"if","locations":[{"start":{"line":42,"column":2},"end":{"line":47,"column":3}},{"start":{},"end":{}}],"line":42},"2":{"loc":{"start":{"line":54,"column":2},"end":{"line":59,"column":3}},"type":"if","locations":[{"start":{"line":54,"column":2},"end":{"line":59,"column":3}},{"start":{},"end":{}}],"line":54}},"s":{"0":1,"1":1,"2":1,"3":1,"4":1,"5":0,"6":0,"7":0,"8":0,"9":0,"10":0,"11":0,"12":1,"13":0,"14":0,"15":0,"16":0,"17":0,"18":0,"19":0,"20":0,"21":0,"22":0,"23":0,"24":0,"25":0,"26":0,"27":0,"28":0,"29":1},"f":{"0":0,"1":0},"b":{"0":[0,0],"1":[0,0],"2":[0,0]},"_coverageSchema":"1a1c01bbd47fc00a2c39e90264f33305004495a9","hash":"85336fddbb7962fa84926e5d3349b85e23a87cf1"}
,"E:\\PARESH\\RELEVEL\\FSD (PART-2) FROM 12.10.22\\RELEVEL Backend\\unit_test_2\\controller\\cart.controller.js": {"path":"E:\\PARESH\\RELEVEL\\FSD (PART-2) FROM 12.10.22\\RELEVEL Backend\\unit_test_2\\controller\\cart.controller.js","statementMap":{"0":{"start":{"line":1,"column":11},"end":{"line":1,"column":39}},"1":{"start":{"line":2,"column":13},"end":{"line":2,"column":20}},"2":{"start":{"line":3,"column":16},"end":{"line":3,"column":26}},"3":{"start":{"line":5,"column":17},"end":{"line":13,"column":1}},"4":{"start":{"line":6,"column":2},"end":{"line":9,"column":5}},"5":{"start":{"line":10,"column":2},"end":{"line":12,"column":5}},"6":{"start":{"line":15,"column":17},"end":{"line":47,"column":1}},"7":{"start":{"line":16,"column":17},"end":{"line":16,"column":34}},"8":{"start":{"line":17,"column":21},"end":{"line":17,"column":48}},"9":{"start":{"line":18,"column":2},"end":{"line":46,"column":3}},"10":{"start":{"line":19,"column":24},"end":{"line":23,"column":6}},"11":{"start":{"line":25,"column":4},"end":{"line":45,"column":5}},"12":{"start":{"line":26,"column":6},"end":{"line":26,"column":52}},"13":{"start":{"line":27,"column":6},"end":{"line":27,"column":35}},"14":{"start":{"line":28,"column":22},"end":{"line":28,"column":23}},"15":{"start":{"line":29,"column":29},"end":{"line":29,"column":31}},"16":{"start":{"line":30,"column":21},"end":{"line":30,"column":53}},"17":{"start":{"line":31,"column":6},"end":{"line":38,"column":7}},"18":{"start":{"line":32,"column":8},"end":{"line":32,"column":50}},"19":{"start":{"line":33,"column":8},"end":{"line":37,"column":11}},"20":{"start":{"line":40,"column":6},"end":{"line":44,"column":9}},"21":{"start":{"line":49,"column":14},"end":{"line":68,"column":1}},"22":{"start":{"line":50,"column":13},"end":{"line":50,"column":51}},"23":{"start":{"line":51,"column":18},"end":{"line":51,"column":19}},"24":{"start":{"line":52,"column":25},"end":{"line":52,"column":27}},"25":{"start":{"line":53,"column":17},"end":{"line":53,"column":41}},"26":{"start":{"line":54,"column":2},"end":{"line":61,"column":3}},"27":{"start":{"line":55,"column":4},"end":{"line":55,"column":40}},"28":{"start":{"line":56,"column":4},"end":{"line":60,"column":7}},"29":{"start":{"line":63,"column":2},"end":{"line":67,"column":5}},"30":{"start":{"line":70,"column":0},"end":{"line":70,"column":53}}},"fnMap":{"0":{"name":"(anonymous_0)","decl":{"start":{"line":5,"column":17},"end":{"line":5,"column":18}},"loc":{"start":{"line":5,"column":43},"end":{"line":13,"column":1}},"line":5},"1":{"name":"(anonymous_1)","decl":{"start":{"line":15,"column":17},"end":{"line":15,"column":18}},"loc":{"start":{"line":15,"column":43},"end":{"line":47,"column":1}},"line":15},"2":{"name":"(anonymous_2)","decl":{"start":{"line":49,"column":14},"end":{"line":49,"column":15}},"loc":{"start":{"line":49,"column":40},"end":{"line":68,"column":1}},"line":49}},"branchMap":{"0":{"loc":{"start":{"line":18,"column":2},"end":{"line":46,"column":3}},"type":"if","locations":[{"start":{"line":18,"column":2},"end":{"line":46,"column":3}},{"start":{},"end":{}}],"line":18},"1":{"loc":{"start":{"line":25,"column":4},"end":{"line":45,"column":5}},"type":"if","locations":[{"start":{"line":25,"column":4},"end":{"line":45,"column":5}},{"start":{},"end":{}}],"line":25}},"s":{"0":1,"1":1,"2":1,"3":1,"4":0,"5":0,"6":1,"7":0,"8":0,"9":0,"10":0,"11":0,"12":0,"13":0,"14":0,"15":0,"16":0,"17":0,"18":0,"19":0,"20":0,"21":1,"22":0,"23":0,"24":0,"25":0,"26":0,"27":0,"28":0,"29":0,"30":1},"f":{"0":0,"1":0,"2":0},"b":{"0":[0,0],"1":[0,0]},"_coverageSchema":"1a1c01bbd47fc00a2c39e90264f33305004495a9","hash":"67fb2652633453e1d18d0400982e3a51b74b1f92"}
,"E:\\PARESH\\RELEVEL\\FSD (PART-2) FROM 12.10.22\\RELEVEL Backend\\unit_test_2\\controller\\category.controller.js": {"path":"E:\\PARESH\\RELEVEL\\FSD (PART-2) FROM 12.10.22\\RELEVEL Backend\\unit_test_2\\controller\\category.controller.js","statementMap":{"0":{"start":{"line":1,"column":11},"end":{"line":1,"column":39}},"1":{"start":{"line":2,"column":19},"end":{"line":2,"column":30}},"2":{"start":{"line":4,"column":23},"end":{"line":13,"column":1}},"3":{"start":{"line":5,"column":2},"end":{"line":12,"column":3}},"4":{"start":{"line":6,"column":21},"end":{"line":6,"column":47}},"5":{"start":{"line":7,"column":4},"end":{"line":7,"column":37}},"6":{"start":{"line":9,"column":4},"end":{"line":11,"column":7}},"7":{"start":{"line":15,"column":22},"end":{"line":25,"column":1}},"8":{"start":{"line":16,"column":11},"end":{"line":16,"column":32}},"9":{"start":{"line":17,"column":19},"end":{"line":21,"column":4}},"10":{"start":{"line":23,"column":2},"end":{"line":23,"column":35}},"11":{"start":{"line":24,"column":2},"end":{"line":24,"column":12}},"12":{"start":{"line":27,"column":21},"end":{"line":36,"column":1}},"13":{"start":{"line":28,"column":2},"end":{"line":35,"column":3}},"14":{"start":{"line":29,"column":24},"end":{"line":29,"column":32}},"15":{"start":{"line":30,"column":4},"end":{"line":30,"column":43}},"16":{"start":{"line":31,"column":4},"end":{"line":31,"column":47}},"17":{"start":{"line":32,"column":4},"end":{"line":32,"column":14}},"18":{"start":{"line":34,"column":4},"end":{"line":34,"column":14}},"19":{"start":{"line":38,"column":25},"end":{"line":57,"column":1}},"20":{"start":{"line":39,"column":11},"end":{"line":39,"column":32}},"21":{"start":{"line":40,"column":17},"end":{"line":40,"column":46}},"22":{"start":{"line":41,"column":2},"end":{"line":56,"column":3}},"23":{"start":{"line":42,"column":4},"end":{"line":44,"column":5}},"24":{"start":{"line":43,"column":6},"end":{"line":43,"column":44}},"25":{"start":{"line":46,"column":4},"end":{"line":50,"column":7}},"26":{"start":{"line":52,"column":4},"end":{"line":52,"column":45}},"27":{"start":{"line":53,"column":4},"end":{"line":53,"column":14}},"28":{"start":{"line":55,"column":4},"end":{"line":55,"column":14}},"29":{"start":{"line":59,"column":25},"end":{"line":74,"column":1}},"30":{"start":{"line":60,"column":11},"end":{"line":60,"column":32}},"31":{"start":{"line":61,"column":25},"end":{"line":64,"column":3}},"32":{"start":{"line":66,"column":2},"end":{"line":70,"column":5}},"33":{"start":{"line":72,"column":23},"end":{"line":72,"column":52}},"34":{"start":{"line":73,"column":2},"end":{"line":73,"column":39}},"35":{"start":{"line":76,"column":10},"end":{"line":82,"column":1}},"36":{"start":{"line":83,"column":0},"end":{"line":83,"column":21}}},"fnMap":{"0":{"name":"(anonymous_0)","decl":{"start":{"line":4,"column":23},"end":{"line":4,"column":24}},"loc":{"start":{"line":4,"column":49},"end":{"line":13,"column":1}},"line":4},"1":{"name":"(anonymous_1)","decl":{"start":{"line":15,"column":22},"end":{"line":15,"column":23}},"loc":{"start":{"line":15,"column":48},"end":{"line":25,"column":1}},"line":15},"2":{"name":"(anonymous_2)","decl":{"start":{"line":27,"column":21},"end":{"line":27,"column":22}},"loc":{"start":{"line":27,"column":47},"end":{"line":36,"column":1}},"line":27},"3":{"name":"(anonymous_3)","decl":{"start":{"line":38,"column":25},"end":{"line":38,"column":26}},"loc":{"start":{"line":38,"column":51},"end":{"line":57,"column":1}},"line":38},"4":{"name":"(anonymous_4)","decl":{"start":{"line":59,"column":25},"end":{"line":59,"column":26}},"loc":{"start":{"line":59,"column":51},"end":{"line":74,"column":1}},"line":59}},"branchMap":{"0":{"loc":{"start":{"line":42,"column":4},"end":{"line":44,"column":5}},"type":"if","locations":[{"start":{"line":42,"column":4},"end":{"line":44,"column":5}},{"start":{},"end":{}}],"line":42}},"s":{"0":2,"1":2,"2":2,"3":2,"4":2,"5":1,"6":1,"7":2,"8":1,"9":1,"10":1,"11":1,"12":2,"13":1,"14":1,"15":1,"16":1,"17":1,"18":0,"19":2,"20":1,"21":1,"22":1,"23":1,"24":0,"25":1,"26":1,"27":1,"28":0,"29":2,"30":1,"31":1,"32":1,"33":1,"34":1,"35":2,"36":2},"f":{"0":2,"1":1,"2":1,"3":1,"4":1},"b":{"0":[0,1]},"_coverageSchema":"1a1c01bbd47fc00a2c39e90264f33305004495a9","hash":"74fa4f36f906998d715ffcd8b5e1c1ce5871f51e"}
,"E:\\PARESH\\RELEVEL\\FSD (PART-2) FROM 12.10.22\\RELEVEL Backend\\unit_test_2\\controller\\product.controller.js": {"path":"E:\\PARESH\\RELEVEL\\FSD (PART-2) FROM 12.10.22\\RELEVEL Backend\\unit_test_2\\controller\\product.controller.js","statementMap":{"0":{"start":{"line":1,"column":11},"end":{"line":1,"column":39}},"1":{"start":{"line":2,"column":17},"end":{"line":2,"column":27}},"2":{"start":{"line":4,"column":21},"end":{"line":41,"column":1}},"3":{"start":{"line":5,"column":2},"end":{"line":36,"column":5}},"4":{"start":{"line":38,"column":2},"end":{"line":40,"column":5}},"5":{"start":{"line":43,"column":13},"end":{"line":53,"column":1}},"6":{"start":{"line":44,"column":21},"end":{"line":44,"column":29}},"7":{"start":{"line":45,"column":2},"end":{"line":52,"column":3}},"8":{"start":{"line":46,"column":4},"end":{"line":46,"column":40}},"9":{"start":{"line":47,"column":4},"end":{"line":47,"column":39}},"10":{"start":{"line":49,"column":4},"end":{"line":51,"column":7}},"11":{"start":{"line":55,"column":21},"end":{"line":83,"column":1}},"12":{"start":{"line":56,"column":19},"end":{"line":56,"column":39}},"13":{"start":{"line":57,"column":17},"end":{"line":57,"column":35}},"14":{"start":{"line":58,"column":17},"end":{"line":58,"column":35}},"15":{"start":{"line":59,"column":17},"end":{"line":59,"column":19}},"16":{"start":{"line":61,"column":2},"end":{"line":79,"column":3}},"17":{"start":{"line":62,"column":4},"end":{"line":62,"column":40}},"18":{"start":{"line":64,"column":4},"end":{"line":78,"column":5}},"19":{"start":{"line":65,"column":6},"end":{"line":65,"column":52}},"20":{"start":{"line":66,"column":11},"end":{"line":78,"column":5}},"21":{"start":{"line":67,"column":6},"end":{"line":67,"column":62}},"22":{"start":{"line":69,"column":6},"end":{"line":77,"column":9}},"23":{"start":{"line":81,"column":2},"end":{"line":81,"column":33}},"24":{"start":{"line":82,"column":2},"end":{"line":82,"column":12}},"25":{"start":{"line":85,"column":23},"end":{"line":93,"column":1}},"26":{"start":{"line":86,"column":25},"end":{"line":90,"column":4}},"27":{"start":{"line":92,"column":2},"end":{"line":92,"column":26}},"28":{"start":{"line":95,"column":25},"end":{"line":106,"column":1}},"29":{"start":{"line":96,"column":25},"end":{"line":103,"column":4}},"30":{"start":{"line":105,"column":2},"end":{"line":105,"column":26}},"31":{"start":{"line":108,"column":21},"end":{"line":122,"column":1}},"32":{"start":{"line":109,"column":11},"end":{"line":109,"column":31}},"33":{"start":{"line":110,"column":2},"end":{"line":112,"column":3}},"34":{"start":{"line":111,"column":4},"end":{"line":111,"column":42}},"35":{"start":{"line":113,"column":17},"end":{"line":117,"column":4}},"36":{"start":{"line":119,"column":2},"end":{"line":119,"column":44}},"37":{"start":{"line":121,"column":2},"end":{"line":121,"column":12}},"38":{"start":{"line":124,"column":0},"end":{"line":124,"column":76}}},"fnMap":{"0":{"name":"(anonymous_0)","decl":{"start":{"line":4,"column":21},"end":{"line":4,"column":22}},"loc":{"start":{"line":4,"column":47},"end":{"line":41,"column":1}},"line":4},"1":{"name":"(anonymous_1)","decl":{"start":{"line":43,"column":13},"end":{"line":43,"column":14}},"loc":{"start":{"line":43,"column":39},"end":{"line":53,"column":1}},"line":43},"2":{"name":"(anonymous_2)","decl":{"start":{"line":55,"column":21},"end":{"line":55,"column":22}},"loc":{"start":{"line":55,"column":47},"end":{"line":83,"column":1}},"line":55},"3":{"name":"(anonymous_3)","decl":{"start":{"line":85,"column":23},"end":{"line":85,"column":24}},"loc":{"start":{"line":85,"column":45},"end":{"line":93,"column":1}},"line":85},"4":{"name":"(anonymous_4)","decl":{"start":{"line":95,"column":25},"end":{"line":95,"column":26}},"loc":{"start":{"line":95,"column":55},"end":{"line":106,"column":1}},"line":95},"5":{"name":"(anonymous_5)","decl":{"start":{"line":108,"column":21},"end":{"line":108,"column":22}},"loc":{"start":{"line":108,"column":47},"end":{"line":122,"column":1}},"line":108}},"branchMap":{"0":{"loc":{"start":{"line":61,"column":2},"end":{"line":79,"column":3}},"type":"if","locations":[{"start":{"line":61,"column":2},"end":{"line":79,"column":3}},{"start":{"line":63,"column":9},"end":{"line":79,"column":3}}],"line":61},"1":{"loc":{"start":{"line":64,"column":4},"end":{"line":78,"column":5}},"type":"if","locations":[{"start":{"line":64,"column":4},"end":{"line":78,"column":5}},{"start":{"line":66,"column":11},"end":{"line":78,"column":5}}],"line":64},"2":{"loc":{"start":{"line":64,"column":8},"end":{"line":64,"column":45}},"type":"binary-expr","locations":[{"start":{"line":64,"column":8},"end":{"line":64,"column":18}},{"start":{"line":64,"column":22},"end":{"line":64,"column":45}}],"line":64},"3":{"loc":{"start":{"line":64,"column":24},"end":{"line":64,"column":44}},"type":"binary-expr","locations":[{"start":{"line":64,"column":24},"end":{"line":64,"column":32}},{"start":{"line":64,"column":36},"end":{"line":64,"column":44}}],"line":64},"4":{"loc":{"start":{"line":66,"column":11},"end":{"line":78,"column":5}},"type":"if","locations":[{"start":{"line":66,"column":11},"end":{"line":78,"column":5}},{"start":{"line":68,"column":11},"end":{"line":78,"column":5}}],"line":66},"5":{"loc":{"start":{"line":66,"column":15},"end":{"line":66,"column":50}},"type":"binary-expr","locations":[{"start":{"line":66,"column":15},"end":{"line":66,"column":26}},{"start":{"line":66,"column":30},"end":{"line":66,"column":38}},{"start":{"line":66,"column":42},"end":{"line":66,"column":50}}],"line":66},"6":{"loc":{"start":{"line":110,"column":2},"end":{"line":112,"column":3}},"type":"if","locations":[{"start":{"line":110,"column":2},"end":{"line":112,"column":3}},{"start":{},"end":{}}],"line":110}},"s":{"0":2,"1":2,"2":2,"3":2,"4":2,"5":2,"6":2,"7":2,"8":2,"9":1,"10":1,"11":2,"12":0,"13":0,"14":0,"15":0,"16":0,"17":0,"18":0,"19":0,"20":0,"21":0,"22":0,"23":0,"24":0,"25":2,"26":0,"27":0,"28":2,"29":0,"30":0,"31":2,"32":2,"33":2,"34":0,"35":2,"36":2,"37":2,"38":2},"f":{"0":2,"1":2,"2":0,"3":0,"4":0,"5":2},"b":{"0":[0,0],"1":[0,0],"2":[0,0],"3":[0,0],"4":[0,0],"5":[0,0,0],"6":[0,2]},"_coverageSchema":"1a1c01bbd47fc00a2c39e90264f33305004495a9","hash":"92ca826a107a44eaea4428cdf0874da64cd4f76a"}
,"E:\\PARESH\\RELEVEL\\FSD (PART-2) FROM 12.10.22\\RELEVEL Backend\\unit_test_2\\middlewares\\ErrorHandler.js": {"path":"E:\\PARESH\\RELEVEL\\FSD (PART-2) FROM 12.10.22\\RELEVEL Backend\\unit_test_2\\middlewares\\ErrorHandler.js","statementMap":{"0":{"start":{"line":1,"column":11},"end":{"line":1,"column":26}},"1":{"start":{"line":3,"column":21},"end":{"line":14,"column":1}},"2":{"start":{"line":4,"column":2},"end":{"line":4,"column":43}},"3":{"start":{"line":5,"column":21},"end":{"line":5,"column":42}},"4":{"start":{"line":6,"column":18},"end":{"line":6,"column":55}},"5":{"start":{"line":13,"column":2},"end":{"line":13,"column":63}},"6":{"start":{"line":16,"column":0},"end":{"line":16,"column":30}}},"fnMap":{"0":{"name":"(anonymous_0)","decl":{"start":{"line":3,"column":21},"end":{"line":3,"column":22}},"loc":{"start":{"line":3,"column":46},"end":{"line":14,"column":1}},"line":3}},"branchMap":{"0":{"loc":{"start":{"line":5,"column":21},"end":{"line":5,"column":42}},"type":"binary-expr","locations":[{"start":{"line":5,"column":21},"end":{"line":5,"column":35}},{"start":{"line":5,"column":39},"end":{"line":5,"column":42}}],"line":5},"1":{"loc":{"start":{"line":6,"column":18},"end":{"line":6,"column":55}},"type":"binary-expr","locations":[{"start":{"line":6,"column":18},"end":{"line":6,"column":29}},{"start":{"line":6,"column":33},"end":{"line":6,"column":55}}],"line":6}},"s":{"0":1,"1":1,"2":0,"3":0,"4":0,"5":0,"6":1},"f":{"0":0},"b":{"0":[0,0],"1":[0,0]},"_coverageSchema":"1a1c01bbd47fc00a2c39e90264f33305004495a9","hash":"9805e2995c26aa902946c59afc8a7d109672dcce"}
,"E:\\PARESH\\RELEVEL\\FSD (PART-2) FROM 12.10.22\\RELEVEL Backend\\unit_test_2\\middlewares\\RequestValidator.js": {"path":"E:\\PARESH\\RELEVEL\\FSD (PART-2) FROM 12.10.22\\RELEVEL Backend\\unit_test_2\\middlewares\\RequestValidator.js","statementMap":{"0":{"start":{"line":1,"column":19},"end":{"line":1,"column":49}},"1":{"start":{"line":3,"column":35},"end":{"line":10,"column":1}},"2":{"start":{"line":4,"column":2},"end":{"line":8,"column":3}},"3":{"start":{"line":5,"column":4},"end":{"line":7,"column":7}},"4":{"start":{"line":9,"column":2},"end":{"line":9,"column":9}},"5":{"start":{"line":12,"column":33},"end":{"line":27,"column":1}},"6":{"start":{"line":13,"column":19},"end":{"line":13,"column":40}},"7":{"start":{"line":14,"column":2},"end":{"line":25,"column":3}},"8":{"start":{"line":15,"column":19},"end":{"line":15,"column":56}},"9":{"start":{"line":16,"column":4},"end":{"line":20,"column":5}},"10":{"start":{"line":17,"column":6},"end":{"line":19,"column":9}},"11":{"start":{"line":22,"column":4},"end":{"line":24,"column":7}},"12":{"start":{"line":26,"column":2},"end":{"line":26,"column":12}},"13":{"start":{"line":29,"column":0},"end":{"line":29,"column":74}}},"fnMap":{"0":{"name":"(anonymous_0)","decl":{"start":{"line":3,"column":35},"end":{"line":3,"column":36}},"loc":{"start":{"line":3,"column":55},"end":{"line":10,"column":1}},"line":3},"1":{"name":"(anonymous_1)","decl":{"start":{"line":12,"column":33},"end":{"line":12,"column":34}},"loc":{"start":{"line":12,"column":59},"end":{"line":27,"column":1}},"line":12}},"branchMap":{"0":{"loc":{"start":{"line":4,"column":2},"end":{"line":8,"column":3}},"type":"if","locations":[{"start":{"line":4,"column":2},"end":{"line":8,"column":3}},{"start":{},"end":{}}],"line":4},"1":{"loc":{"start":{"line":14,"column":2},"end":{"line":25,"column":3}},"type":"if","locations":[{"start":{"line":14,"column":2},"end":{"line":25,"column":3}},{"start":{"line":21,"column":9},"end":{"line":25,"column":3}}],"line":14},"2":{"loc":{"start":{"line":16,"column":4},"end":{"line":20,"column":5}},"type":"if","locations":[{"start":{"line":16,"column":4},"end":{"line":20,"column":5}},{"start":{},"end":{}}],"line":16}},"s":{"0":1,"1":1,"2":0,"3":0,"4":0,"5":1,"6":0,"7":0,"8":0,"9":0,"10":0,"11":0,"12":0,"13":1},"f":{"0":0,"1":0},"b":{"0":[0,0],"1":[0,0],"2":[0,0]},"_coverageSchema":"1a1c01bbd47fc00a2c39e90264f33305004495a9","hash":"daff823a0cb725b5676b50c8e586c228e528842b"}
,"E:\\PARESH\\RELEVEL\\FSD (PART-2) FROM 12.10.22\\RELEVEL Backend\\unit_test_2\\middlewares\\authJwt.js": {"path":"E:\\PARESH\\RELEVEL\\FSD (PART-2) FROM 12.10.22\\RELEVEL Backend\\unit_test_2\\middlewares\\authJwt.js","statementMap":{"0":{"start":{"line":1,"column":12},"end":{"line":1,"column":35}},"1":{"start":{"line":2,"column":15},"end":{"line":2,"column":49}},"2":{"start":{"line":4,"column":20},"end":{"line":25,"column":1}},"3":{"start":{"line":5,"column":14},"end":{"line":5,"column":43}},"4":{"start":{"line":6,"column":2},"end":{"line":11,"column":3}},"5":{"start":{"line":7,"column":4},"end":{"line":9,"column":7}},"6":{"start":{"line":10,"column":4},"end":{"line":10,"column":11}},"7":{"start":{"line":13,"column":2},"end":{"line":24,"column":5}},"8":{"start":{"line":14,"column":4},"end":{"line":20,"column":5}},"9":{"start":{"line":15,"column":6},"end":{"line":17,"column":9}},"10":{"start":{"line":19,"column":6},"end":{"line":19,"column":13}},"11":{"start":{"line":22,"column":4},"end":{"line":22,"column":28}},"12":{"start":{"line":23,"column":4},"end":{"line":23,"column":11}},"13":{"start":{"line":27,"column":0},"end":{"line":27,"column":33}}},"fnMap":{"0":{"name":"(anonymous_0)","decl":{"start":{"line":4,"column":20},"end":{"line":4,"column":21}},"loc":{"start":{"line":4,"column":40},"end":{"line":25,"column":1}},"line":4},"1":{"name":"(anonymous_1)","decl":{"start":{"line":13,"column":35},"end":{"line":13,"column":36}},"loc":{"start":{"line":13,"column":53},"end":{"line":24,"column":3}},"line":13}},"branchMap":{"0":{"loc":{"start":{"line":6,"column":2},"end":{"line":11,"column":3}},"type":"if","locations":[{"start":{"line":6,"column":2},"end":{"line":11,"column":3}},{"start":{},"end":{}}],"line":6},"1":{"loc":{"start":{"line":14,"column":4},"end":{"line":20,"column":5}},"type":"if","locations":[{"start":{"line":14,"column":4},"end":{"line":20,"column":5}},{"start":{},"end":{}}],"line":14}},"s":{"0":1,"1":1,"2":1,"3":1,"4":1,"5":1,"6":1,"7":0,"8":0,"9":0,"10":0,"11":0,"12":0,"13":1},"f":{"0":1,"1":0},"b":{"0":[1,0],"1":[0,0]},"_coverageSchema":"1a1c01bbd47fc00a2c39e90264f33305004495a9","hash":"ec7eb3987f516884cc45240b0e9ec3c4db13a6fe"}
,"E:\\PARESH\\RELEVEL\\FSD (PART-2) FROM 12.10.22\\RELEVEL Backend\\unit_test_2\\middlewares\\verifySignUp.js": {"path":"E:\\PARESH\\RELEVEL\\FSD (PART-2) FROM 12.10.22\\RELEVEL Backend\\unit_test_2\\middlewares\\verifySignUp.js","statementMap":{"0":{"start":{"line":1,"column":11},"end":{"line":1,"column":39}},"1":{"start":{"line":3,"column":13},"end":{"line":3,"column":20}},"2":{"start":{"line":5,"column":29},"end":{"line":20,"column":1}},"3":{"start":{"line":6,"column":13},"end":{"line":10,"column":4}},"4":{"start":{"line":12,"column":2},"end":{"line":17,"column":3}},"5":{"start":{"line":13,"column":4},"end":{"line":15,"column":7}},"6":{"start":{"line":16,"column":4},"end":{"line":16,"column":11}},"7":{"start":{"line":19,"column":2},"end":{"line":19,"column":9}},"8":{"start":{"line":22,"column":0},"end":{"line":22,"column":44}}},"fnMap":{"0":{"name":"(anonymous_0)","decl":{"start":{"line":5,"column":29},"end":{"line":5,"column":30}},"loc":{"start":{"line":5,"column":55},"end":{"line":20,"column":1}},"line":5}},"branchMap":{"0":{"loc":{"start":{"line":12,"column":2},"end":{"line":17,"column":3}},"type":"if","locations":[{"start":{"line":12,"column":2},"end":{"line":17,"column":3}},{"start":{},"end":{}}],"line":12}},"s":{"0":1,"1":1,"2":1,"3":0,"4":0,"5":0,"6":0,"7":0,"8":1},"f":{"0":0},"b":{"0":[0,0]},"_coverageSchema":"1a1c01bbd47fc00a2c39e90264f33305004495a9","hash":"1e8baea9c25304a97af64b4c2bbb33d253c37af5"}
,"E:\\PARESH\\RELEVEL\\FSD (PART-2) FROM 12.10.22\\RELEVEL Backend\\unit_test_2\\model\\Cart.js": {"path":"E:\\PARESH\\RELEVEL\\FSD (PART-2) FROM 12.10.22\\RELEVEL Backend\\unit_test_2\\model\\Cart.js","statementMap":{"0":{"start":{"line":1,"column":0},"end":{"line":20,"column":2}},"1":{"start":{"line":2,"column":13},"end":{"line":17,"column":3}},"2":{"start":{"line":19,"column":2},"end":{"line":19,"column":14}}},"fnMap":{"0":{"name":"(anonymous_0)","decl":{"start":{"line":1,"column":17},"end":{"line":1,"column":18}},"loc":{"start":{"line":1,"column":51},"end":{"line":20,"column":1}},"line":1}},"branchMap":{},"s":{"0":3,"1":3,"2":3},"f":{"0":3},"b":{},"_coverageSchema":"1a1c01bbd47fc00a2c39e90264f33305004495a9","hash":"6ce442193c389182dcbbb6a7a86c3c82e1745577"}
,"E:\\PARESH\\RELEVEL\\FSD (PART-2) FROM 12.10.22\\RELEVEL Backend\\unit_test_2\\model\\Category.js": {"path":"E:\\PARESH\\RELEVEL\\FSD (PART-2) FROM 12.10.22\\RELEVEL Backend\\unit_test_2\\model\\Category.js","statementMap":{"0":{"start":{"line":1,"column":0},"end":{"line":20,"column":2}},"1":{"start":{"line":2,"column":19},"end":{"line":18,"column":3}},"2":{"start":{"line":19,"column":2},"end":{"line":19,"column":20}}},"fnMap":{"0":{"name":"(anonymous_0)","decl":{"start":{"line":1,"column":17},"end":{"line":1,"column":18}},"loc":{"start":{"line":1,"column":51},"end":{"line":20,"column":1}},"line":1}},"branchMap":{},"s":{"0":3,"1":3,"2":3},"f":{"0":3},"b":{},"_coverageSchema":"1a1c01bbd47fc00a2c39e90264f33305004495a9","hash":"93e3a46a1661e20b2b61ba93a7e8d5e64defef88"}
,"E:\\PARESH\\RELEVEL\\FSD (PART-2) FROM 12.10.22\\RELEVEL Backend\\unit_test_2\\model\\Product.js": {"path":"E:\\PARESH\\RELEVEL\\FSD (PART-2) FROM 12.10.22\\RELEVEL Backend\\unit_test_2\\model\\Product.js","statementMap":{"0":{"start":{"line":1,"column":0},"end":{"line":25,"column":2}},"1":{"start":{"line":2,"column":17},"end":{"line":22,"column":3}},"2":{"start":{"line":24,"column":2},"end":{"line":24,"column":18}}},"fnMap":{"0":{"name":"(anonymous_0)","decl":{"start":{"line":1,"column":17},"end":{"line":1,"column":18}},"loc":{"start":{"line":1,"column":51},"end":{"line":25,"column":1}},"line":1}},"branchMap":{},"s":{"0":3,"1":3,"2":3},"f":{"0":3},"b":{},"_coverageSchema":"1a1c01bbd47fc00a2c39e90264f33305004495a9","hash":"3c2a18503bf3746b436c2c28061d28257cbd65ff"}
,"E:\\PARESH\\RELEVEL\\FSD (PART-2) FROM 12.10.22\\RELEVEL Backend\\unit_test_2\\model\\Roles.js": {"path":"E:\\PARESH\\RELEVEL\\FSD (PART-2) FROM 12.10.22\\RELEVEL Backend\\unit_test_2\\model\\Roles.js","statementMap":{"0":{"start":{"line":1,"column":0},"end":{"line":12,"column":2}},"1":{"start":{"line":2,"column":15},"end":{"line":10,"column":4}},"2":{"start":{"line":11,"column":2},"end":{"line":11,"column":14}}},"fnMap":{"0":{"name":"(anonymous_0)","decl":{"start":{"line":1,"column":17},"end":{"line":1,"column":18}},"loc":{"start":{"line":1,"column":46},"end":{"line":12,"column":1}},"line":1}},"branchMap":{},"s":{"0":3,"1":3,"2":3},"f":{"0":3},"b":{},"_coverageSchema":"1a1c01bbd47fc00a2c39e90264f33305004495a9","hash":"9b80695a1a68fb1a7b725675c7a362bace5580b3"}
,"E:\\PARESH\\RELEVEL\\FSD (PART-2) FROM 12.10.22\\RELEVEL Backend\\unit_test_2\\model\\User.js": {"path":"E:\\PARESH\\RELEVEL\\FSD (PART-2) FROM 12.10.22\\RELEVEL Backend\\unit_test_2\\model\\User.js","statementMap":{"0":{"start":{"line":1,"column":0},"end":{"line":15,"column":2}},"1":{"start":{"line":2,"column":15},"end":{"line":12,"column":4}},"2":{"start":{"line":14,"column":2},"end":{"line":14,"column":14}}},"fnMap":{"0":{"name":"(anonymous_0)","decl":{"start":{"line":1,"column":17},"end":{"line":1,"column":18}},"loc":{"start":{"line":1,"column":46},"end":{"line":15,"column":1}},"line":1}},"branchMap":{},"s":{"0":3,"1":3,"2":3},"f":{"0":3},"b":{},"_coverageSchema":"1a1c01bbd47fc00a2c39e90264f33305004495a9","hash":"8e1aada964af71e3395394b10bbfa7aa694615a3"}
,"E:\\PARESH\\RELEVEL\\FSD (PART-2) FROM 12.10.22\\RELEVEL Backend\\unit_test_2\\model\\index1.js": {"path":"E:\\PARESH\\RELEVEL\\FSD (PART-2) FROM 12.10.22\\RELEVEL Backend\\unit_test_2\\model\\index1.js","statementMap":{"0":{"start":{"line":1,"column":18},"end":{"line":1,"column":38}},"1":{"start":{"line":2,"column":12},"end":{"line":2,"column":49}},"2":{"start":{"line":3,"column":17},"end":{"line":3,"column":54}},"3":{"start":{"line":4,"column":9},"end":{"line":4,"column":11}},"4":{"start":{"line":6,"column":0},"end":{"line":11,"column":3}},"5":{"start":{"line":13,"column":0},"end":{"line":13,"column":25}},"6":{"start":{"line":14,"column":0},"end":{"line":14,"column":56}},"7":{"start":{"line":15,"column":0},"end":{"line":15,"column":54}},"8":{"start":{"line":16,"column":0},"end":{"line":16,"column":60}},"9":{"start":{"line":17,"column":0},"end":{"line":17,"column":54}},"10":{"start":{"line":18,"column":0},"end":{"line":18,"column":62}},"11":{"start":{"line":20,"column":0},"end":{"line":24,"column":3}},"12":{"start":{"line":26,"column":0},"end":{"line":30,"column":3}},"13":{"start":{"line":32,"column":0},"end":{"line":36,"column":3}},"14":{"start":{"line":37,"column":0},"end":{"line":41,"column":3}},"15":{"start":{"line":43,"column":0},"end":{"line":43,"column":29}},"16":{"start":{"line":45,"column":0},"end":{"line":45,"column":20}}},"fnMap":{},"branchMap":{"0":{"loc":{"start":{"line":2,"column":12},"end":{"line":2,"column":49}},"type":"binary-expr","locations":[{"start":{"line":2,"column":12},"end":{"line":2,"column":32}},{"start":{"line":2,"column":36},"end":{"line":2,"column":49}}],"line":2}},"s":{"0":3,"1":3,"2":3,"3":3,"4":3,"5":3,"6":3,"7":3,"8":3,"9":3,"10":3,"11":3,"12":3,"13":3,"14":3,"15":3,"16":3},"f":{},"b":{"0":[3,0]},"_coverageSchema":"1a1c01bbd47fc00a2c39e90264f33305004495a9","hash":"3a66dd0d26973cc57d9f8fa646f12740c27208a7"}
,"E:\\PARESH\\RELEVEL\\FSD (PART-2) FROM 12.10.22\\RELEVEL Backend\\unit_test_2\\routes\\auth.route.js": {"path":"E:\\PARESH\\RELEVEL\\FSD (PART-2) FROM 12.10.22\\RELEVEL Backend\\unit_test_2\\routes\\auth.route.js","statementMap":{"0":{"start":{"line":1,"column":19},"end":{"line":1,"column":61}},"1":{"start":{"line":2,"column":16},"end":{"line":2,"column":34}},"2":{"start":{"line":3,"column":21},"end":{"line":3,"column":61}},"3":{"start":{"line":4,"column":19},"end":{"line":4,"column":28}},"4":{"start":{"line":5,"column":15},"end":{"line":5,"column":31}},"5":{"start":{"line":7,"column":0},"end":{"line":13,"column":3}},"6":{"start":{"line":8,"column":2},"end":{"line":11,"column":4}},"7":{"start":{"line":12,"column":2},"end":{"line":12,"column":9}},"8":{"start":{"line":15,"column":0},"end":{"line":19,"column":2}},"9":{"start":{"line":20,"column":0},"end":{"line":20,"column":42}},"10":{"start":{"line":22,"column":0},"end":{"line":22,"column":24}}},"fnMap":{"0":{"name":"(anonymous_0)","decl":{"start":{"line":7,"column":15},"end":{"line":7,"column":16}},"loc":{"start":{"line":7,"column":41},"end":{"line":13,"column":1}},"line":7}},"branchMap":{},"s":{"0":1,"1":1,"2":1,"3":1,"4":1,"5":1,"6":0,"7":0,"8":1,"9":1,"10":1},"f":{"0":0},"b":{},"_coverageSchema":"1a1c01bbd47fc00a2c39e90264f33305004495a9","hash":"85bb9a6424e1e0b317e298acf08488e27d90e093"}
,"E:\\PARESH\\RELEVEL\\FSD (PART-2) FROM 12.10.22\\RELEVEL Backend\\unit_test_2\\routes\\cart.route.js": {"path":"E:\\PARESH\\RELEVEL\\FSD (PART-2) FROM 12.10.22\\RELEVEL Backend\\unit_test_2\\routes\\cart.route.js","statementMap":{"0":{"start":{"line":1,"column":14},"end":{"line":1,"column":32}},"1":{"start":{"line":2,"column":17},"end":{"line":2,"column":33}},"2":{"start":{"line":3,"column":21},"end":{"line":3,"column":63}},"3":{"start":{"line":6,"column":0},"end":{"line":6,"column":51}},"4":{"start":{"line":8,"column":0},"end":{"line":8,"column":54}},"5":{"start":{"line":10,"column":0},"end":{"line":10,"column":48}},"6":{"start":{"line":12,"column":0},"end":{"line":12,"column":28}}},"fnMap":{},"branchMap":{},"s":{"0":1,"1":1,"2":1,"3":1,"4":1,"5":1,"6":1},"f":{},"b":{},"_coverageSchema":"1a1c01bbd47fc00a2c39e90264f33305004495a9","hash":"762f22b70946698e7a38ff968143bdb54d690956"}
,"E:\\PARESH\\RELEVEL\\FSD (PART-2) FROM 12.10.22\\RELEVEL Backend\\unit_test_2\\routes\\categories.route.js": {"path":"E:\\PARESH\\RELEVEL\\FSD (PART-2) FROM 12.10.22\\RELEVEL Backend\\unit_test_2\\routes\\categories.route.js","statementMap":{"0":{"start":{"line":1,"column":14},"end":{"line":1,"column":32}},"1":{"start":{"line":2,"column":21},"end":{"line":2,"column":37}},"2":{"start":{"line":3,"column":25},"end":{"line":3,"column":71}},"3":{"start":{"line":4,"column":23},"end":{"line":4,"column":67}},"4":{"start":{"line":6,"column":0},"end":{"line":6,"column":61}},"5":{"start":{"line":8,"column":0},"end":{"line":12,"column":2}},"6":{"start":{"line":14,"column":0},"end":{"line":21,"column":2}},"7":{"start":{"line":23,"column":0},"end":{"line":27,"column":2}},"8":{"start":{"line":29,"column":0},"end":{"line":33,"column":2}},"9":{"start":{"line":35,"column":0},"end":{"line":35,"column":32}}},"fnMap":{},"branchMap":{},"s":{"0":1,"1":1,"2":1,"3":1,"4":1,"5":1,"6":1,"7":1,"8":1,"9":1},"f":{},"b":{},"_coverageSchema":"1a1c01bbd47fc00a2c39e90264f33305004495a9","hash":"6bd99b7be2f76ef07d6d5260640c9b82a1125a4b"}
,"E:\\PARESH\\RELEVEL\\FSD (PART-2) FROM 12.10.22\\RELEVEL Backend\\unit_test_2\\routes\\index.js": {"path":"E:\\PARESH\\RELEVEL\\FSD (PART-2) FROM 12.10.22\\RELEVEL Backend\\unit_test_2\\routes\\index.js","statementMap":{"0":{"start":{"line":1,"column":14},"end":{"line":1,"column":32}},"1":{"start":{"line":2,"column":13},"end":{"line":2,"column":28}},"2":{"start":{"line":3,"column":22},"end":{"line":3,"column":49}},"3":{"start":{"line":4,"column":24},"end":{"line":4,"column":53}},"4":{"start":{"line":5,"column":18},"end":{"line":5,"column":41}},"5":{"start":{"line":6,"column":18},"end":{"line":6,"column":41}},"6":{"start":{"line":7,"column":13},"end":{"line":7,"column":29}},"7":{"start":{"line":9,"column":0},"end":{"line":11,"column":3}},"8":{"start":{"line":10,"column":2},"end":{"line":10,"column":63}},"9":{"start":{"line":13,"column":0},"end":{"line":13,"column":31}},"10":{"start":{"line":14,"column":0},"end":{"line":14,"column":44}},"11":{"start":{"line":15,"column":0},"end":{"line":15,"column":39}},"12":{"start":{"line":16,"column":0},"end":{"line":16,"column":31}},"13":{"start":{"line":17,"column":0},"end":{"line":17,"column":24}}},"fnMap":{"0":{"name":"(anonymous_0)","decl":{"start":{"line":9,"column":16},"end":{"line":9,"column":17}},"loc":{"start":{"line":9,"column":42},"end":{"line":11,"column":1}},"line":9}},"branchMap":{},"s":{"0":1,"1":1,"2":1,"3":1,"4":1,"5":1,"6":1,"7":1,"8":0,"9":1,"10":1,"11":1,"12":1,"13":1},"f":{"0":0},"b":{},"_coverageSchema":"1a1c01bbd47fc00a2c39e90264f33305004495a9","hash":"a66ba3a9f33aa7749374c41759d494d926468afa"}
,"E:\\PARESH\\RELEVEL\\FSD (PART-2) FROM 12.10.22\\RELEVEL Backend\\unit_test_2\\routes\\products.route.js": {"path":"E:\\PARESH\\RELEVEL\\FSD (PART-2) FROM 12.10.22\\RELEVEL Backend\\unit_test_2\\routes\\products.route.js","statementMap":{"0":{"start":{"line":1,"column":14},"end":{"line":1,"column":32}},"1":{"start":{"line":2,"column":20},"end":{"line":2,"column":36}},"2":{"start":{"line":3,"column":24},"end":{"line":3,"column":69}},"3":{"start":{"line":4,"column":14},"end":{"line":4,"column":49}},"4":{"start":{"line":6,"column":0},"end":{"line":6,"column":80}},"5":{"start":{"line":7,"column":0},"end":{"line":7,"column":67}},"6":{"start":{"line":9,"column":0},"end":{"line":9,"column":58}},"7":{"start":{"line":11,"column":0},"end":{"line":11,"column":31}}},"fnMap":{},"branchMap":{},"s":{"0":1,"1":1,"2":1,"3":1,"4":1,"5":1,"6":1,"7":1},"f":{},"b":{},"_coverageSchema":"1a1c01bbd47fc00a2c39e90264f33305004495a9","hash":"72071a39792427caeb29b476c4b1552eed03bef1"}
,"E:\\PARESH\\RELEVEL\\FSD (PART-2) FROM 12.10.22\\RELEVEL Backend\\unit_test_2\\test\\unit\\interceptor.js": {"path":"E:\\PARESH\\RELEVEL\\FSD (PART-2) FROM 12.10.22\\RELEVEL Backend\\unit_test_2\\test\\unit\\interceptor.js","statementMap":{"0":{"start":{"line":1,"column":0},"end":{"line":21,"column":2}},"1":{"start":{"line":3,"column":16},"end":{"line":3,"column":18}},"2":{"start":{"line":4,"column":4},"end":{"line":4,"column":46}},"3":{"start":{"line":5,"column":4},"end":{"line":5,"column":48}},"4":{"start":{"line":6,"column":4},"end":{"line":6,"column":47}},"5":{"start":{"line":8,"column":4},"end":{"line":8,"column":15}},"6":{"start":{"line":12,"column":16},"end":{"line":12,"column":18}},"7":{"start":{"line":13,"column":4},"end":{"line":13,"column":46}},"8":{"start":{"line":14,"column":4},"end":{"line":14,"column":46}},"9":{"start":{"line":15,"column":4},"end":{"line":15,"column":48}},"10":{"start":{"line":16,"column":4},"end":{"line":16,"column":47}},"11":{"start":{"line":17,"column":4},"end":{"line":17,"column":24}},"12":{"start":{"line":19,"column":4},"end":{"line":19,"column":15}}},"fnMap":{"0":{"name":"(anonymous_0)","decl":{"start":{"line":2,"column":15},"end":{"line":2,"column":16}},"loc":{"start":{"line":2,"column":21},"end":{"line":9,"column":3}},"line":2},"1":{"name":"(anonymous_1)","decl":{"start":{"line":11,"column":16},"end":{"line":11,"column":17}},"loc":{"start":{"line":11,"column":22},"end":{"line":20,"column":3}},"line":11}},"branchMap":{},"s":{"0":2,"1":10,"2":10,"3":10,"4":10,"5":10,"6":10,"7":10,"8":10,"9":10,"10":10,"11":10,"12":10},"f":{"0":10,"1":10},"b":{},"_coverageSchema":"1a1c01bbd47fc00a2c39e90264f33305004495a9","hash":"5c3326aa061705f8b9e99b62d48ce5fbd13bbbd8"}
}
